<?xml version="1.0" encoding="UTF-8"?>
<!-- Generated by org.testng.reporters.JUnitXMLReporter -->
<testsuite hostname="NDI-LAP-368" name="Test" tests="4" failures="0" timestamp="19 Mar 2017 20:34:41 GMT" time="100.685" errors="0">
  <testcase name="@BeforeClass BeforeClassMethod" time="0.0" classname="org.sel.quiz.tests.SignInTest">
    <failure type="java.lang.Exception">
      <![CDATA[java.lang.Exception
	at org.sel.quiz.tests.SignInTest.BeforeClassMethod(SignInTest.java:29)
... Removed 24 stack frames]]>
    </failure>
  </testcase> <!-- @BeforeClass BeforeClassMethod -->
  <testcase name="@AfterClass AfterClass" time="0.0" classname="org.sel.quiz.tests.SignInTest">
    <skipped/>
  </testcase> <!-- @AfterClass AfterClass -->
  <testcase name="verifyHomeScreenOfJoinerApp" time="0.026" classname="org.sel.quiz.tests.WebJoinerTest"/>
  <testcase name="registerforPaidMembeship" time="73.617" classname="org.sel.quiz.tests.WebJoinerTest"/>
  <testcase name="verifyGmailPageTitle" time="0.004" classname="org.sel.quiz.tests.SignInTest">
    <skipped/>
  </testcase> <!-- verifyGmailPageTitle -->
  <testcase name="clickLogInButton" time="0.005" classname="org.sel.quiz.tests.SignInTest">
    <skipped/>
  </testcase> <!-- clickLogInButton -->
</testsuite> <!-- Test -->
